         :-) GROMACS - GROMACS, 2020.5-dev-20210116-ddc6077-unknown (-:

                            GROMACS is written by:
     Emile Apol      Rossen Apostolov      Paul Bauer     Herman J.C. Berendsen
    Par Bjelkmar      Christian Blau   Viacheslav Bolnykh     Kevin Boyd    
 Aldert van Buuren   Rudi van Drunen     Anton Feenstra       Alan Gray     
  Gerrit Groenhof     Anca Hamuraru    Vincent Hindriksen  M. Eric Irrgang  
  Aleksei Iupinov   Christoph Junghans     Joe Jordan     Dimitrios Karkoulis
    Peter Kasson        Jiri Kraus      Carsten Kutzner      Per Larsson    
  Justin A. Lemkul    Viveca Lindahl    Magnus Lundborg     Erik Marklund   
    Pascal Merz     Pieter Meulenhoff    Teemu Murtola       Szilard Pall   
    Sander Pronk      Roland Schulz      Michael Shirts    Alexey Shvetsov  
   Alfons Sijbers     Peter Tieleman      Jon Vincent      Teemu Virolainen 
 Christian Wennberg    Maarten Wolf      Artem Zhmurov   
                           and the project leaders:
        Mark Abraham, Berk Hess, Erik Lindahl, and David van der Spoel

Copyright (c) 1991-2000, University of Groningen, The Netherlands.
Copyright (c) 2001-2019, The GROMACS development team at
Uppsala University, Stockholm University and
the Royal Institute of Technology, Sweden.
check out http://www.gromacs.org for more information.

GROMACS:      GROMACS, version 2020.5-dev-20210116-ddc6077-unknown
Working dir:  /home/nixboom/dotfiles/nixos/modules/common/work/B6xsS98HwM0SodVDp958lywBwDLtIec8fQs_tEgwc0s/01
Process ID:   43788

GROMACS version:    2020.5-dev-20210116-ddc6077-unknown
GIT SHA1 hash:      ddc6077cfc91185b44cf253801548ae5d6c5e673
Branched from:      unknown
Precision:          single
Memory model:       64 bit
MPI library:        thread_mpi
OpenMP support:     enabled (GMX_OPENMP_MAX_THREADS = 64)
GPU support:        disabled
SIMD instructions:  AVX2_256
FFT library:        fftw-3.3.8-sse2-avx
RDTSCP usage:       disabled
TNG support:        enabled
Hwloc support:      disabled
Tracing support:    disabled
C compiler:         /usr/bin/x86_64-linux-gnu-gcc GNU 8.3.0
C compiler flags:   -mavx2 -mfma -Wall -Wno-unused -Wunused-value -Wunused-parameter -Wextra -Wno-missing-field-initializers -Wno-sign-compare -Wpointer-arith -Wundef -Werror=stringop-truncation -fexcess-precision=fast -funroll-all-loops -Wno-array-bounds -O3 -DNDEBUG
C++ compiler:       /usr/bin/x86_64-linux-gnu-g++ GNU 8.3.0
C++ compiler flags: -mavx2 -mfma -Wall -Wextra -Wno-missing-field-initializers -Wpointer-arith -Wmissing-declarations -Wundef -Wstringop-truncation -fexcess-precision=fast -funroll-all-loops -Wno-array-bounds -fopenmp -O3 -DNDEBUG


Running on 1 node with total 4 cores, 8 logical cores
Hardware detected:
  CPU info:
    Vendor: Intel
    Brand:  11th Gen Intel(R) Core(TM) i5-1135G7 @ 2.40GHz
    Family: 6   Model: 140   Stepping: 1
    Features: aes apic avx avx2 avx512f avx512cd avx512bw avx512vl clfsh cmov cx8 cx16 f16c fma htt intel lahf mmx msr nonstop_tsc pcid pclmuldq pdcm pdpe1gb popcnt pse rdrnd rdtscp sha sse2 sse3 sse4.1 sse4.2 ssse3 tdt x2apic
    Number of AVX-512 FMA units: 1 (AVX2 is faster w/o 2 AVX-512 FMA units)
  Hardware topology: Basic
    Sockets, cores, and logical processors:
      Socket  0: [   0   4] [   1   5] [   2   6] [   3   7]

The current CPU can measure timings more accurately than the code in
GROMACS was configured to use. This might affect your simulation
speed as accurate timings are needed for load-balancing.
Please consider rebuilding GROMACS with the GMX_USE_RDTSCP=ON CMake option.

++++ PLEASE READ AND CITE THE FOLLOWING REFERENCE ++++
M. J. Abraham, T. Murtola, R. Schulz, S. Páll, J. C. Smith, B. Hess, E.
Lindahl
GROMACS: High performance molecular simulations through multi-level
parallelism from laptops to supercomputers
SoftwareX 1 (2015) pp. 19-25
-------- -------- --- Thank You --- -------- --------


++++ PLEASE READ AND CITE THE FOLLOWING REFERENCE ++++
S. Páll, M. J. Abraham, C. Kutzner, B. Hess, E. Lindahl
Tackling Exascale Software Challenges in Molecular Dynamics Simulations with
GROMACS
In S. Markidis & E. Laure (Eds.), Solving Software Challenges for Exascale 8759 (2015) pp. 3-27
-------- -------- --- Thank You --- -------- --------


++++ PLEASE READ AND CITE THE FOLLOWING REFERENCE ++++
S. Pronk, S. Páll, R. Schulz, P. Larsson, P. Bjelkmar, R. Apostolov, M. R.
Shirts, J. C. Smith, P. M. Kasson, D. van der Spoel, B. Hess, and E. Lindahl
GROMACS 4.5: a high-throughput and highly parallel open source molecular
simulation toolkit
Bioinformatics 29 (2013) pp. 845-54
-------- -------- --- Thank You --- -------- --------


++++ PLEASE READ AND CITE THE FOLLOWING REFERENCE ++++
B. Hess and C. Kutzner and D. van der Spoel and E. Lindahl
GROMACS 4: Algorithms for highly efficient, load-balanced, and scalable
molecular simulation
J. Chem. Theory Comput. 4 (2008) pp. 435-447
-------- -------- --- Thank You --- -------- --------


++++ PLEASE READ AND CITE THE FOLLOWING REFERENCE ++++
D. van der Spoel, E. Lindahl, B. Hess, G. Groenhof, A. E. Mark and H. J. C.
Berendsen
GROMACS: Fast, Flexible and Free
J. Comp. Chem. 26 (2005) pp. 1701-1719
-------- -------- --- Thank You --- -------- --------


++++ PLEASE READ AND CITE THE FOLLOWING REFERENCE ++++
E. Lindahl and B. Hess and D. van der Spoel
GROMACS 3.0: A package for molecular simulation and trajectory analysis
J. Mol. Mod. 7 (2001) pp. 306-317
-------- -------- --- Thank You --- -------- --------


++++ PLEASE READ AND CITE THE FOLLOWING REFERENCE ++++
H. J. C. Berendsen, D. van der Spoel and R. van Drunen
GROMACS: A message-passing parallel molecular dynamics implementation
Comp. Phys. Comm. 91 (1995) pp. 43-56
-------- -------- --- Thank You --- -------- --------


++++ PLEASE CITE THE DOI FOR THIS VERSION OF GROMACS ++++
https://doi.org/10.5281/zenodo.4420785
-------- -------- --- Thank You --- -------- --------


This run will default to '-update gpu' as requested by the GMX_FORCE_UPDATE_DEFAULT_GPU environment variable. GPU update with domain decomposition lacks substantial testing and should be used with caution.
Input Parameters:
   integrator                     = sd
   tinit                          = 0
   dt                             = 0.002
   nsteps                         = 2500000
   init-step                      = 785000000
   simulation-part                = 1
   comm-mode                      = Linear
   nstcomm                        = 100
   bd-fric                        = 0
   ld-seed                        = -1142978803
   emtol                          = 10
   emstep                         = 0.01
   niter                          = 20
   fcstep                         = 0
   nstcgsteep                     = 1000
   nbfgscorr                      = 10
   rtpi                           = 0.05
   nstxout                        = 500000
   nstvout                        = 500000
   nstfout                        = 0
   nstlog                         = 50000
   nstcalcenergy                  = 100
   nstenergy                      = 50000
   nstxout-compressed             = 50000
   compressed-x-precision         = 1000
   cutoff-scheme                  = Verlet
   nstlist                        = 10
   pbc                            = xyz
   periodic-molecules             = false
   verlet-buffer-tolerance        = 0.005
   rlist                          = 1
   coulombtype                    = PME
   coulomb-modifier               = Potential-shift
   rcoulomb-switch                = 0
   rcoulomb                       = 1
   epsilon-r                      = 1
   epsilon-rf                     = inf
   vdw-type                       = Cut-off
   vdw-modifier                   = Potential-shift
   rvdw-switch                    = 0
   rvdw                           = 1
   DispCorr                       = EnerPres
   table-extension                = 1
   fourierspacing                 = 0.16
   fourier-nx                     = 52
   fourier-ny                     = 52
   fourier-nz                     = 52
   pme-order                      = 4
   ewald-rtol                     = 1e-05
   ewald-rtol-lj                  = 0.001
   lj-pme-comb-rule               = Geometric
   ewald-geometry                 = 0
   epsilon-surface                = 0
   tcoupl                         = No
   nsttcouple                     = -1
   nh-chain-length                = 0
   print-nose-hoover-chain-variables = false
   pcoupl                         = No
   pcoupltype                     = Isotropic
   nstpcouple                     = -1
   tau-p                          = 1
   compressibility (3x3):
      compressibility[    0]={ 0.00000e+00,  0.00000e+00,  0.00000e+00}
      compressibility[    1]={ 0.00000e+00,  0.00000e+00,  0.00000e+00}
      compressibility[    2]={ 0.00000e+00,  0.00000e+00,  0.00000e+00}
   ref-p (3x3):
      ref-p[    0]={ 0.00000e+00,  0.00000e+00,  0.00000e+00}
      ref-p[    1]={ 0.00000e+00,  0.00000e+00,  0.00000e+00}
      ref-p[    2]={ 0.00000e+00,  0.00000e+00,  0.00000e+00}
   refcoord-scaling               = No
   posres-com (3):
      posres-com[0]= 0.00000e+00
      posres-com[1]= 0.00000e+00
      posres-com[2]= 0.00000e+00
   posres-comB (3):
      posres-comB[0]= 0.00000e+00
      posres-comB[1]= 0.00000e+00
      posres-comB[2]= 0.00000e+00
   QMMM                           = false
   QMconstraints                  = 0
   QMMMscheme                     = 0
   MMChargeScaleFactor            = 1
qm-opts:
   ngQM                           = 0
   constraint-algorithm           = Lincs
   continuation                   = true
   Shake-SOR                      = false
   shake-tol                      = 0.0001
   lincs-order                    = 4
   lincs-iter                     = 1
   lincs-warnangle                = 30
   nwall                          = 0
   wall-type                      = 9-3
   wall-r-linpot                  = -1
   wall-atomtype[0]               = -1
   wall-atomtype[1]               = -1
   wall-density[0]                = 0
   wall-density[1]                = 0
   wall-ewald-zfac                = 3
   pull                           = false
   awh                            = false
   rotation                       = false
   interactiveMD                  = false
   disre                          = No
   disre-weighting                = Conservative
   disre-mixed                    = false
   dr-fc                          = 1000
   dr-tau                         = 0
   nstdisreout                    = 100
   orire-fc                       = 0
   orire-tau                      = 0
   nstorireout                    = 100
   free-energy                    = no
   cos-acceleration               = 0
   deform (3x3):
      deform[    0]={ 0.00000e+00,  0.00000e+00,  0.00000e+00}
      deform[    1]={ 0.00000e+00,  0.00000e+00,  0.00000e+00}
      deform[    2]={ 0.00000e+00,  0.00000e+00,  0.00000e+00}
   simulated-tempering            = false
   swapcoords                     = no
   userint1                       = 0
   userint2                       = 0
   userint3                       = 0
   userint4                       = 0
   userreal1                      = 0
   userreal2                      = 0
   userreal3                      = 0
   userreal4                      = 0
   applied-forces:
     electric-field:
       x:
         E0                       = 0
         omega                    = 0
         t0                       = 0
         sigma                    = 0
       y:
         E0                       = 0
         omega                    = 0
         t0                       = 0
         sigma                    = 0
       z:
         E0                       = 0
         omega                    = 0
         t0                       = 0
         sigma                    = 0
     density-guided-simulation:
       active                     = false
       group                      = protein
       similarity-measure         = inner-product
       atom-spreading-weight      = unity
       force-constant             = 1e+09
       gaussian-transform-spreading-width = 0.2
       gaussian-transform-spreading-range-in-multiples-of-width = 4
       reference-density-filename = reference.mrc
       nst                        = 1
       normalize-densities        = true
       adaptive-force-scaling     = false
       adaptive-force-scaling-time-constant = 4
grpopts:
   nrdf:     679.982      111705
   ref-t:         300         300
   tau-t:         0.1         0.1
annealing:          No          No
annealing-npoints:           0           0
   acc:	           0           0           0
   nfreeze:           N           N           N
   energygrp-flags[  0]: 0

Changing nstlist from 10 to 50, rlist from 1 to 1.111


Update task on the GPU was required, by the GMX_FORCE_UPDATE_DEFAULT_GPU environment variable, but the following condition(s) were not satisfied:

Either PME or short-ranged non-bonded interaction tasks must run on the GPU.
Compatible GPUs must have been found.
Only a CUDA build is supported.
Only the md integrator is supported.
The number of coupled constraints is higher than supported in the CUDA LINCS code.

Will use CPU version of update.

Using 1 MPI thread

Non-default thread affinity set, disabling internal thread affinity

Using 7 OpenMP threads 

System total charge: 0.000
Will do PME sum in reciprocal space for electrostatic interactions.

++++ PLEASE READ AND CITE THE FOLLOWING REFERENCE ++++
U. Essmann, L. Perera, M. L. Berkowitz, T. Darden, H. Lee and L. G. Pedersen 
A smooth particle mesh Ewald method
J. Chem. Phys. 103 (1995) pp. 8577-8592
-------- -------- --- Thank You --- -------- --------

Using a Gaussian width (1/beta) of 0.320163 nm for Ewald
Potential shift: LJ r^-12: -1.000e+00 r^-6: -1.000e+00, Ewald -1.000e-05
Initialized non-bonded Ewald tables, spacing: 9.33e-04 size: 1073

Generated table with 1055 data points for 1-4 COUL.
Tabscale = 500 points/nm
Generated table with 1055 data points for 1-4 LJ6.
Tabscale = 500 points/nm
Generated table with 1055 data points for 1-4 LJ12.
Tabscale = 500 points/nm

Using SIMD 4x8 nonbonded short-range kernels

Using a dual 4x8 pair-list setup updated with dynamic pruning:
  outer list: updated every 50 steps, buffer 0.111 nm, rlist 1.111 nm
  inner list: updated every 12 steps, buffer 0.003 nm, rlist 1.003 nm
At tolerance 0.005 kJ/mol/ps per atom, equivalent classical 1x1 list would be:
  outer list: updated every 50 steps, buffer 0.236 nm, rlist 1.236 nm
  inner list: updated every 12 steps, buffer 0.048 nm, rlist 1.048 nm

Using Lorentz-Berthelot Lennard-Jones combination rule

Long Range LJ corr.: <C6> 2.7970e-04


Initializing LINear Constraint Solver

++++ PLEASE READ AND CITE THE FOLLOWING REFERENCE ++++
B. Hess and H. Bekker and H. J. C. Berendsen and J. G. E. M. Fraaije
LINCS: A Linear Constraint Solver for molecular simulations
J. Comp. Chem. 18 (1997) pp. 1463-1472
-------- -------- --- Thank You --- -------- --------

The number of constraints is 145

++++ PLEASE READ AND CITE THE FOLLOWING REFERENCE ++++
S. Miyamoto and P. A. Kollman
SETTLE: An Analytical Version of the SHAKE and RATTLE Algorithms for Rigid
Water Models
J. Comp. Chem. 13 (1992) pp. 952-962
-------- -------- --- Thank You --- -------- --------

Setting the maximum number of constraint warnings to 2147483647

++++ PLEASE READ AND CITE THE FOLLOWING REFERENCE ++++
N. Goga and A. J. Rzepiela and A. H. de Vries and S. J. Marrink and H. J. C.
Berendsen
Efficient Algorithms for Langevin and DPD Dynamics
J. Chem. Theory Comput. 8 (2012) pp. 3637--3649
-------- -------- --- Thank You --- -------- --------

There are: 56092 Atoms
Center of mass motion removal mode is Linear
We have the following groups for center of mass motion removal:
  0:  rest

Started mdrun on rank 0 Fri Apr  3 19:06:53 2026

           Step           Time
      785000000   1570000.00000

   Energies (kJ/mol)
           Bond          Angle    Proper Dih.  Improper Dih.          LJ-14
    1.82437e+02    5.06841e+02    6.87867e+02    4.29162e+01    2.28861e+02
     Coulomb-14        LJ (SR)  Disper. corr.   Coulomb (SR)   Coul. recip.
    4.50139e+03    1.20273e+05   -6.50761e+03   -9.00729e+05    4.80315e+03
      Potential    Kinetic En.   Total Energy    Temperature Pres. DC (bar)
   -7.76010e+05    1.39789e+05   -6.36221e+05    2.99199e+02   -1.91233e+02
 Pressure (bar)   Constr. rmsd
    1.32426e+02    2.59997e-06

Writing checkpoint, step 785013950 at Fri Apr  3 19:11:55 2026


Writing checkpoint, step 785025850 at Fri Apr  3 19:16:56 2026




Received the remote second INT/TERM signal, stopping within 51 steps

           Step           Time
      785028101   1570056.20200

Writing checkpoint, step 785028101 at Fri Apr  3 19:17:48 2026


   Energies (kJ/mol)
           Bond          Angle    Proper Dih.  Improper Dih.          LJ-14
    1.77852e+02    5.20526e+02    7.33527e+02    2.88173e+01    2.18518e+02
     Coulomb-14        LJ (SR)  Disper. corr.   Coulomb (SR)   Coul. recip.
    4.56118e+03    1.19351e+05   -6.50761e+03   -8.99977e+05    4.84945e+03
      Potential    Kinetic En.   Total Energy    Temperature Pres. DC (bar)
   -7.76043e+05    1.40293e+05   -6.35750e+05    3.00279e+02   -1.91233e+02
 Pressure (bar)   Constr. rmsd
    1.15860e+01    3.04720e-06


	<======  ###############  ==>
	<====  A V E R A G E S  ====>
	<==  ###############  ======>

	Statistics over 28102 steps using 282 frames

   Energies (kJ/mol)
           Bond          Angle    Proper Dih.  Improper Dih.          LJ-14
    1.91656e+02    5.20782e+02    7.16060e+02    2.61428e+01    2.29327e+02
     Coulomb-14        LJ (SR)  Disper. corr.   Coulomb (SR)   Coul. recip.
    4.51046e+03    1.20074e+05   -6.50761e+03   -9.01306e+05    4.88582e+03
      Potential    Kinetic En.   Total Energy    Temperature Pres. DC (bar)
   -7.76659e+05    1.40309e+05   -6.36351e+05    3.00312e+02   -1.91233e+02
 Pressure (bar)   Constr. rmsd
    6.52565e+01    0.00000e+00

   Total Virial (kJ/mol)
    4.55043e+04   -8.58581e+01    6.82529e+01
   -8.53182e+01    4.57463e+04    2.00327e+01
    6.83691e+01    2.11220e+01    4.57231e+04

   Pressure (bar)
    7.57554e+01    5.39984e+00   -2.74086e+00
    5.36815e+00    5.87675e+01   -4.39724e-01
   -2.74768e+00   -5.03670e-01    6.12465e+01

      T-Protein  T-non-Protein
    3.01617e+02    3.00304e+02


	M E G A - F L O P S   A C C O U N T I N G

 NB=Group-cutoff nonbonded kernels    NxN=N-by-N cluster Verlet kernels
 RF=Reaction-Field  VdW=Van der Waals  QSTab=quadratic-spline table
 W3=SPC/TIP3p  W4=TIP4p (single or pairs)
 V&F=Potential and force  V=Potential only  F=Force only

 Computing:                               M-Number         M-Flops  % Flops
-----------------------------------------------------------------------------
 Pair Search distance check           14090.984386      126818.859     0.2
 NxN Ewald Elec. + LJ [F]            462460.445664    30522389.414    49.8
 NxN Ewald Elec. + LJ [V&F]            4704.287456      503358.758     0.8
 NxN Ewald Elec. [F]                 446158.829056    27215688.572    44.4
 NxN Ewald Elec. [V&F]                 4538.674240      381248.636     0.6
 1,4 nonbonded interactions              20.373950        1833.656     0.0
 Calc Weights                          4728.892152      170240.117     0.3
 Spread Q Bspline                    100883.032576      201766.065     0.3
 Gather F Bspline                    100883.032576      605298.195     1.0
 3D-FFT                              135147.126728     1081177.014     1.8
 Solve PME                               75.987808        4863.220     0.0
 Shift-X                                 31.579796         189.479     0.0
 Bonds                                    3.737566         220.516     0.0
 Angles                                  14.303918        2403.058     0.0
 Propers                                 24.533046        5618.068     0.0
 Impropers                                1.320794         274.725     0.0
 Virial                                  15.886771         285.962     0.0
 Update                                1576.297384       48865.219     0.1
 Stop-CM                                 15.817944         158.179     0.0
 Calc-Ekin                               63.215684        1706.823     0.0
 Lincs                                    8.149580         488.975     0.0
 Lincs-Mat                               47.885808         191.543     0.0
 Constraint-V                          3149.278732       25194.230     0.0
 Constraint-Vir                          15.816304         379.591     0.0
 Settle                                1044.326524      337317.467     0.6
-----------------------------------------------------------------------------
 Total                                                61237976.343   100.0
-----------------------------------------------------------------------------


     R E A L   C Y C L E   A N D   T I M E   A C C O U N T I N G

On 1 MPI rank, each using 7 OpenMP threads

 Computing:          Num   Num      Call    Wall time         Giga-Cycles
                     Ranks Threads  Count      (s)         total sum    %
-----------------------------------------------------------------------------
 Neighbor search        1    7        563      18.206        308.303   2.8
 Force                  1    7      28102     461.385       7813.139  70.4
 PME mesh               1    7      28102     110.311       1868.014  16.8
 NB X/F buffer ops.     1    7      55641      17.012        288.080   2.6
 Write traj.            1    7          4       0.904         15.315   0.1
 Update                 1    7      56204      30.467        515.934   4.6
 Constraints            1    7      56204      15.930        269.754   2.4
 Rest                                           1.301         22.033   0.2
-----------------------------------------------------------------------------
 Total                                        655.516      11100.573 100.0
-----------------------------------------------------------------------------
 Breakdown of PME mesh computation
-----------------------------------------------------------------------------
 PME spread             1    7      28102      49.667        841.072   7.6
 PME gather             1    7      28102      33.411        565.791   5.1
 PME 3D-FFT             1    7      56204      24.474        414.441   3.7
 PME solve Elec         1    7      28102       1.794         30.381   0.3
-----------------------------------------------------------------------------

               Core t (s)   Wall t (s)        (%)
       Time:     4588.611      655.516      700.0
                 (ns/day)    (hour/ns)
Performance:        7.408        3.240
Finished mdrun on rank 0 Fri Apr  3 19:17:49 2026


Reading checkpoint file state.cpt
  file generated by:     
  file generated at:     Fri Apr  3 19:17:48 2026

  GROMACS double prec.:  0
  simulation part #:     1
  step:                  785028101
  time:                  1570056.202000



-----------------------------------------------------------
Restarting from checkpoint, appending to previous log file.

         :-) GROMACS - GROMACS, 2020.5-dev-20210116-ddc6077-unknown (-:

Working dir:  /home/nixboom/dotfiles/nixos/modules/common/work/B6xsS98HwM0SodVDp958lywBwDLtIec8fQs_tEgwc0s/01
Process ID:   44377

GROMACS version:    2020.5-dev-20210116-ddc6077-unknown
GIT SHA1 hash:      ddc6077cfc91185b44cf253801548ae5d6c5e673
Branched from:      unknown
Precision:          single
Memory model:       64 bit
MPI library:        thread_mpi
OpenMP support:     enabled (GMX_OPENMP_MAX_THREADS = 64)
GPU support:        disabled
SIMD instructions:  AVX2_256
FFT library:        fftw-3.3.8-sse2-avx
RDTSCP usage:       disabled
TNG support:        enabled
Hwloc support:      disabled
Tracing support:    disabled
C compiler:         /usr/bin/x86_64-linux-gnu-gcc GNU 8.3.0
C compiler flags:   -mavx2 -mfma -Wall -Wno-unused -Wunused-value -Wunused-parameter -Wextra -Wno-missing-field-initializers -Wno-sign-compare -Wpointer-arith -Wundef -Werror=stringop-truncation -fexcess-precision=fast -funroll-all-loops -Wno-array-bounds -O3 -DNDEBUG
C++ compiler:       /usr/bin/x86_64-linux-gnu-g++ GNU 8.3.0
C++ compiler flags: -mavx2 -mfma -Wall -Wextra -Wno-missing-field-initializers -Wpointer-arith -Wmissing-declarations -Wundef -Wstringop-truncation -fexcess-precision=fast -funroll-all-loops -Wno-array-bounds -fopenmp -O3 -DNDEBUG

Changing nstlist from 10 to 50, rlist from 1 to 1.111

Update task on the GPU was required, by the GMX_FORCE_UPDATE_DEFAULT_GPU environment variable, but the following condition(s) were not satisfied:

Either PME or short-ranged non-bonded interaction tasks must run on the GPU.
Compatible GPUs must have been found.
Only a CUDA build is supported.
Only the md integrator is supported.
The number of coupled constraints is higher than supported in the CUDA LINCS code.

Will use CPU version of update.

Using 1 MPI thread

Non-default thread affinity set, disabling internal thread affinity

Using 7 OpenMP threads 

System total charge: 0.000
Will do PME sum in reciprocal space for electrostatic interactions.

++++ PLEASE READ AND CITE THE FOLLOWING REFERENCE ++++
U. Essmann, L. Perera, M. L. Berkowitz, T. Darden, H. Lee and L. G. Pedersen 
A smooth particle mesh Ewald method
J. Chem. Phys. 103 (1995) pp. 8577-8592
-------- -------- --- Thank You --- -------- --------

Using a Gaussian width (1/beta) of 0.320163 nm for Ewald
Potential shift: LJ r^-12: -1.000e+00 r^-6: -1.000e+00, Ewald -1.000e-05
Initialized non-bonded Ewald tables, spacing: 9.33e-04 size: 1073

Generated table with 1055 data points for 1-4 COUL.
Tabscale = 500 points/nm
Generated table with 1055 data points for 1-4 LJ6.
Tabscale = 500 points/nm
Generated table with 1055 data points for 1-4 LJ12.
Tabscale = 500 points/nm

Using SIMD 4x8 nonbonded short-range kernels

Using a dual 4x8 pair-list setup updated with dynamic pruning:
  outer list: updated every 50 steps, buffer 0.111 nm, rlist 1.111 nm
  inner list: updated every 12 steps, buffer 0.003 nm, rlist 1.003 nm
At tolerance 0.005 kJ/mol/ps per atom, equivalent classical 1x1 list would be:
  outer list: updated every 50 steps, buffer 0.236 nm, rlist 1.236 nm
  inner list: updated every 12 steps, buffer 0.048 nm, rlist 1.048 nm

Using Lorentz-Berthelot Lennard-Jones combination rule

Long Range LJ corr.: <C6> 2.7970e-04


Initializing LINear Constraint Solver

++++ PLEASE READ AND CITE THE FOLLOWING REFERENCE ++++
B. Hess and H. Bekker and H. J. C. Berendsen and J. G. E. M. Fraaije
LINCS: A Linear Constraint Solver for molecular simulations
J. Comp. Chem. 18 (1997) pp. 1463-1472
-------- -------- --- Thank You --- -------- --------

The number of constraints is 145

++++ PLEASE READ AND CITE THE FOLLOWING REFERENCE ++++
S. Miyamoto and P. A. Kollman
SETTLE: An Analytical Version of the SHAKE and RATTLE Algorithms for Rigid
Water Models
J. Comp. Chem. 13 (1992) pp. 952-962
-------- -------- --- Thank You --- -------- --------

Setting the maximum number of constraint warnings to 2147483647
There are: 56092 Atoms
Center of mass motion removal mode is Linear
We have the following groups for center of mass motion removal:
  0:  rest

Started mdrun on rank 0 Fri Apr  3 19:18:24 2026

Writing checkpoint, step 785042400 at Fri Apr  3 19:23:25 2026




Received the remote second INT/TERM signal, stopping within 51 steps

           Step           Time
      785049501   1570099.00200

Writing checkpoint, step 785049501 at Fri Apr  3 19:26:43 2026


   Energies (kJ/mol)
           Bond          Angle    Proper Dih.  Improper Dih.          LJ-14
    1.87480e+02    5.18481e+02    7.16889e+02    3.81988e+01    2.24630e+02
     Coulomb-14        LJ (SR)  Disper. corr.   Coulomb (SR)   Coul. recip.
    4.50162e+03    1.20317e+05   -6.50761e+03   -9.01033e+05    4.86706e+03
      Potential    Kinetic En.   Total Energy    Temperature Pres. DC (bar)
   -7.76168e+05    1.40476e+05   -6.35692e+05    3.00670e+02   -1.91233e+02
 Pressure (bar)   Constr. rmsd
    9.34781e+01    2.76630e-06


	<======  ###############  ==>
	<====  A V E R A G E S  ====>
	<==  ###############  ======>

	Statistics over 49502 steps using 496 frames

   Energies (kJ/mol)
           Bond          Angle    Proper Dih.  Improper Dih.          LJ-14
    1.92306e+02    5.22336e+02    7.11777e+02    2.65046e+01    2.28083e+02
     Coulomb-14        LJ (SR)  Disper. corr.   Coulomb (SR)   Coul. recip.
    4.50306e+03    1.20065e+05   -6.50761e+03   -9.01264e+05    4.89069e+03
      Potential    Kinetic En.   Total Energy    Temperature Pres. DC (bar)
   -7.76631e+05    1.40244e+05   -6.36387e+05    3.00174e+02   -1.91233e+02
 Pressure (bar)   Constr. rmsd
    6.59673e+01    0.00000e+00

   Total Virial (kJ/mol)
    4.54334e+04   -9.43992e+01    5.70319e+01
   -9.38802e+01    4.57421e+04   -1.08650e+00
    5.85024e+01    3.77890e-01    4.56974e+04

   Pressure (bar)
    7.78312e+01    6.22775e+00   -2.60579e+00
    6.19729e+00    5.89715e+01   -6.15343e-01
   -2.69211e+00   -7.01304e-01    6.10992e+01

      T-Protein  T-non-Protein
    3.01063e+02    3.00168e+02


	M E G A - F L O P S   A C C O U N T I N G

 NB=Group-cutoff nonbonded kernels    NxN=N-by-N cluster Verlet kernels
 RF=Reaction-Field  VdW=Van der Waals  QSTab=quadratic-spline table
 W3=SPC/TIP3p  W4=TIP4p (single or pairs)
 V&F=Potential and force  V=Potential only  F=Force only

 Computing:                               M-Number         M-Flops  % Flops
-----------------------------------------------------------------------------
 Pair Search distance check           10736.049576       96624.446     0.2
 NxN Ewald Elec. + LJ [F]            352125.310832    23240270.515    49.8
 NxN Ewald Elec. + LJ [V&F]            3573.313344      382344.528     0.8
 NxN Ewald Elec. [F]                 339772.858128    20726144.346    44.4
 NxN Ewald Elec. [V&F]                 3447.733824      289609.641     0.6
 1,4 nonbonded interactions              15.515725        1396.415     0.0
 Calc Weights                          3601.274676      129645.888     0.3
 Spread Q Bspline                     76827.193088      153654.386     0.3
 Gather F Bspline                     76827.193088      460963.159     1.0
 3D-FFT                              102920.918764      823367.350     1.8
 Solve PME                               57.868304        3703.571     0.0
 Shift-X                                 24.063468         144.381     0.0
 Bonds                                    2.846333         167.934     0.0
 Angles                                  10.893109        1830.042     0.0
 Propers                                 18.683073        4278.424     0.0
 Impropers                                1.005847         209.216     0.0
 Virial                                  12.069455         217.250     0.0
 Update                                1200.424892       37213.172     0.1
 Stop-CM                                 12.003688         120.037     0.0
 Calc-Ekin                               48.070844        1297.913     0.0
 Lincs                                    6.206290         372.377     0.0
 Lincs-Mat                               36.467304         145.869     0.0
 Constraint-V                          2398.324466       19186.596     0.0
 Constraint-Vir                          12.015920         288.382     0.0
 Settle                                 795.303962      256883.180     0.6
-----------------------------------------------------------------------------
 Total                                                46630079.018   100.0
-----------------------------------------------------------------------------


     R E A L   C Y C L E   A N D   T I M E   A C C O U N T I N G

On 1 MPI rank, each using 7 OpenMP threads

 Computing:          Num   Num      Call    Wall time         Giga-Cycles
                     Ranks Threads  Count      (s)         total sum    %
-----------------------------------------------------------------------------
 Neighbor search        1    7        429      13.491        228.453   2.7
 Force                  1    7      21401     346.792       5872.622  69.5
 PME mesh               1    7      21401      87.154       1475.875  17.5
 NB X/F buffer ops.     1    7      42373      13.470        228.102   2.7
 Write traj.            1    7          2       0.546          9.241   0.1
 Update                 1    7      42802      23.749        402.165   4.8
 Constraints            1    7      42802      12.813        216.980   2.6
 Rest                                           0.961         16.276   0.2
-----------------------------------------------------------------------------
 Total                                        498.975       8449.714 100.0
-----------------------------------------------------------------------------
 Breakdown of PME mesh computation
-----------------------------------------------------------------------------
 PME spread             1    7      21401      38.588        653.454   7.7
 PME gather             1    7      21401      26.118        442.286   5.2
 PME 3D-FFT             1    7      42802      20.209        342.222   4.1
 PME solve Elec         1    7      21401       1.356         22.970   0.3
-----------------------------------------------------------------------------

               Core t (s)   Wall t (s)        (%)
       Time:     3492.825      498.975      700.0
                 (ns/day)    (hour/ns)
Performance:        7.411        3.238
Finished mdrun on rank 0 Fri Apr  3 19:26:43 2026


Reading checkpoint file state.cpt
  file generated by:     
  file generated at:     Fri Apr  3 19:26:43 2026

  GROMACS double prec.:  0
  simulation part #:     2
  step:                  785049501
  time:                  1570099.002000



-----------------------------------------------------------
Restarting from checkpoint, appending to previous log file.

         :-) GROMACS - GROMACS, 2020.5-dev-20210116-ddc6077-unknown (-:

Working dir:  /home/nixboom/dotfiles/nixos/modules/common/work/B6xsS98HwM0SodVDp958lywBwDLtIec8fQs_tEgwc0s/01
Process ID:   48142

GROMACS version:    2020.5-dev-20210116-ddc6077-unknown
GIT SHA1 hash:      ddc6077cfc91185b44cf253801548ae5d6c5e673
Branched from:      unknown
Precision:          single
Memory model:       64 bit
MPI library:        thread_mpi
OpenMP support:     enabled (GMX_OPENMP_MAX_THREADS = 64)
GPU support:        disabled
SIMD instructions:  AVX2_256
FFT library:        fftw-3.3.8-sse2-avx
RDTSCP usage:       disabled
TNG support:        enabled
Hwloc support:      disabled
Tracing support:    disabled
C compiler:         /usr/bin/x86_64-linux-gnu-gcc GNU 8.3.0
C compiler flags:   -mavx2 -mfma -Wall -Wno-unused -Wunused-value -Wunused-parameter -Wextra -Wno-missing-field-initializers -Wno-sign-compare -Wpointer-arith -Wundef -Werror=stringop-truncation -fexcess-precision=fast -funroll-all-loops -Wno-array-bounds -O3 -DNDEBUG
C++ compiler:       /usr/bin/x86_64-linux-gnu-g++ GNU 8.3.0
C++ compiler flags: -mavx2 -mfma -Wall -Wextra -Wno-missing-field-initializers -Wpointer-arith -Wmissing-declarations -Wundef -Wstringop-truncation -fexcess-precision=fast -funroll-all-loops -Wno-array-bounds -fopenmp -O3 -DNDEBUG

Changing nstlist from 10 to 50, rlist from 1 to 1.111

Update task on the GPU was required, by the GMX_FORCE_UPDATE_DEFAULT_GPU environment variable, but the following condition(s) were not satisfied:

Either PME or short-ranged non-bonded interaction tasks must run on the GPU.
Compatible GPUs must have been found.
Only a CUDA build is supported.
Only the md integrator is supported.
The number of coupled constraints is higher than supported in the CUDA LINCS code.

Will use CPU version of update.

Using 1 MPI thread

Non-default thread affinity set, disabling internal thread affinity

Using 7 OpenMP threads 

System total charge: 0.000
Will do PME sum in reciprocal space for electrostatic interactions.

++++ PLEASE READ AND CITE THE FOLLOWING REFERENCE ++++
U. Essmann, L. Perera, M. L. Berkowitz, T. Darden, H. Lee and L. G. Pedersen 
A smooth particle mesh Ewald method
J. Chem. Phys. 103 (1995) pp. 8577-8592
-------- -------- --- Thank You --- -------- --------

Using a Gaussian width (1/beta) of 0.320163 nm for Ewald
Potential shift: LJ r^-12: -1.000e+00 r^-6: -1.000e+00, Ewald -1.000e-05
Initialized non-bonded Ewald tables, spacing: 9.33e-04 size: 1073

Generated table with 1055 data points for 1-4 COUL.
Tabscale = 500 points/nm
Generated table with 1055 data points for 1-4 LJ6.
Tabscale = 500 points/nm
Generated table with 1055 data points for 1-4 LJ12.
Tabscale = 500 points/nm

Using SIMD 4x8 nonbonded short-range kernels

Using a dual 4x8 pair-list setup updated with dynamic pruning:
  outer list: updated every 50 steps, buffer 0.111 nm, rlist 1.111 nm
  inner list: updated every 12 steps, buffer 0.003 nm, rlist 1.003 nm
At tolerance 0.005 kJ/mol/ps per atom, equivalent classical 1x1 list would be:
  outer list: updated every 50 steps, buffer 0.236 nm, rlist 1.236 nm
  inner list: updated every 12 steps, buffer 0.048 nm, rlist 1.048 nm

Using Lorentz-Berthelot Lennard-Jones combination rule

Long Range LJ corr.: <C6> 2.7970e-04


Initializing LINear Constraint Solver

++++ PLEASE READ AND CITE THE FOLLOWING REFERENCE ++++
B. Hess and H. Bekker and H. J. C. Berendsen and J. G. E. M. Fraaije
LINCS: A Linear Constraint Solver for molecular simulations
J. Comp. Chem. 18 (1997) pp. 1463-1472
-------- -------- --- Thank You --- -------- --------

The number of constraints is 145

++++ PLEASE READ AND CITE THE FOLLOWING REFERENCE ++++
S. Miyamoto and P. A. Kollman
SETTLE: An Analytical Version of the SHAKE and RATTLE Algorithms for Rigid
Water Models
J. Comp. Chem. 13 (1992) pp. 952-962
-------- -------- --- Thank You --- -------- --------

Setting the maximum number of constraint warnings to 2147483647
There are: 56092 Atoms
Center of mass motion removal mode is Linear
We have the following groups for center of mass motion removal:
  0:  rest

Started mdrun on rank 0 Fri Apr  3 19:27:20 2026



Received the remote second INT/TERM signal, stopping within 51 steps

           Step           Time
      785049751   1570099.50200

Writing checkpoint, step 785049751 at Fri Apr  3 19:27:27 2026


   Energies (kJ/mol)
           Bond          Angle    Proper Dih.  Improper Dih.          LJ-14
    1.76596e+02    5.35580e+02    7.29835e+02    3.14577e+01    2.53123e+02
     Coulomb-14        LJ (SR)  Disper. corr.   Coulomb (SR)   Coul. recip.
    4.49106e+03    1.21475e+05   -6.50761e+03   -9.02411e+05    4.76915e+03
      Potential    Kinetic En.   Total Energy    Temperature Pres. DC (bar)
   -7.76456e+05    1.39587e+05   -6.36869e+05    2.98767e+02   -1.91233e+02
 Pressure (bar)   Constr. rmsd
    2.16644e+02    2.55490e-06


	<======  ###############  ==>
	<====  A V E R A G E S  ====>
	<==  ###############  ======>

	Statistics over 49752 steps using 498 frames

   Energies (kJ/mol)
           Bond          Angle    Proper Dih.  Improper Dih.          LJ-14
    1.92345e+02    5.22294e+02    7.11747e+02    2.65097e+01    2.28039e+02
     Coulomb-14        LJ (SR)  Disper. corr.   Coulomb (SR)   Coul. recip.
    4.50305e+03    1.20069e+05   -6.50761e+03   -9.01268e+05    4.89052e+03
      Potential    Kinetic En.   Total Energy    Temperature Pres. DC (bar)
   -7.76633e+05    1.40246e+05   -6.36387e+05    3.00177e+02   -1.91233e+02
 Pressure (bar)   Constr. rmsd
    6.62885e+01    0.00000e+00

   Total Virial (kJ/mol)
    4.54270e+04   -9.61708e+01    6.23468e+01
   -9.56503e+01    4.57443e+04   -3.90386e+00
    6.38635e+01   -2.35679e+00    4.56869e+04

   Pressure (bar)
    7.82313e+01    6.32872e+00   -2.91024e+00
    6.29816e+00    5.88940e+01   -4.37149e-01
   -2.99927e+00   -5.27963e-01    6.17403e+01

      T-Protein  T-non-Protein
    3.01077e+02    3.00172e+02


	M E G A - F L O P S   A C C O U N T I N G

 NB=Group-cutoff nonbonded kernels    NxN=N-by-N cluster Verlet kernels
 RF=Reaction-Field  VdW=Van der Waals  QSTab=quadratic-spline table
 W3=SPC/TIP3p  W4=TIP4p (single or pairs)
 V&F=Potential and force  V=Potential only  F=Force only

 Computing:                               M-Number         M-Flops  % Flops
-----------------------------------------------------------------------------
 Pair Search distance check             150.126850        1351.142     0.2
 NxN Ewald Elec. + LJ [F]              4119.487536      271886.177    49.7
 NxN Ewald Elec. + LJ [V&F]              49.850192        5333.971     1.0
 NxN Ewald Elec. [F]                   3971.802800      242279.971    44.3
 NxN Ewald Elec. [V&F]                   48.046128        4035.875     0.7
 1,4 nonbonded interactions               0.181975          16.378     0.0
 Calc Weights                            42.237276        1520.542     0.3
 Spread Q Bspline                       901.061888        1802.124     0.3
 Gather F Bspline                       901.061888        5406.371     1.0
 3D-FFT                                1207.100164        9656.801     1.8
 Solve PME                                0.678704          43.437     0.0
 Shift-X                                  0.336552           2.019     0.0
 Bonds                                    0.033383           1.970     0.0
 Angles                                   0.127759          21.464     0.0
 Propers                                  0.219123          50.179     0.0
 Impropers                                0.011797           2.454     0.0
 Virial                                   0.168411           3.031     0.0
 Update                                  14.079092         436.452     0.1
 Stop-CM                                  0.112184           1.122     0.0
 Calc-Ekin                                0.617012          16.659     0.0
 Lincs                                    0.072790           4.367     0.0
 Lincs-Mat                                0.427704           1.711     0.0
 Constraint-V                            28.128566         225.029     0.0
 Constraint-Vir                           0.167664           4.024     0.0
 Settle                                   9.327662        3012.835     0.6
-----------------------------------------------------------------------------
 Total                                                  547116.104   100.0
-----------------------------------------------------------------------------


     R E A L   C Y C L E   A N D   T I M E   A C C O U N T I N G

On 1 MPI rank, each using 7 OpenMP threads

 Computing:          Num   Num      Call    Wall time         Giga-Cycles
                     Ranks Threads  Count      (s)         total sum    %
-----------------------------------------------------------------------------
 Neighbor search        1    7          6       0.184          3.111   2.8
 Force                  1    7        251       3.771         63.855  56.7
 PME mesh               1    7        251       1.258         21.306  18.9
 NB X/F buffer ops.     1    7        496       0.398          6.745   6.0
 Write traj.            1    7          1       0.358          6.055   5.4
 Update                 1    7        502       0.388          6.578   5.8
 Constraints            1    7        502       0.230          3.900   3.5
 Rest                                           0.059          0.996   0.9
-----------------------------------------------------------------------------
 Total                                          6.646        112.547 100.0
-----------------------------------------------------------------------------
 Breakdown of PME mesh computation
-----------------------------------------------------------------------------
 PME spread             1    7        251       0.517          8.750   7.8
 PME gather             1    7        251       0.374          6.331   5.6
 PME 3D-FFT             1    7        502       0.329          5.570   4.9
 PME solve Elec         1    7        251       0.012          0.207   0.2
-----------------------------------------------------------------------------

               Core t (s)   Wall t (s)        (%)
       Time:       46.521        6.646      700.0
                 (ns/day)    (hour/ns)
Performance:        6.526        3.678
Finished mdrun on rank 0 Fri Apr  3 19:27:27 2026


Reading checkpoint file state.cpt
  file generated by:     
  file generated at:     Fri Apr  3 19:27:27 2026

  GROMACS double prec.:  0
  simulation part #:     3
  step:                  785049751
  time:                  1570099.502000



-----------------------------------------------------------
Restarting from checkpoint, appending to previous log file.

         :-) GROMACS - GROMACS, 2020.5-dev-20210116-ddc6077-unknown (-:

Working dir:  /home/nixboom/dotfiles/nixos/modules/common/work/B6xsS98HwM0SodVDp958lywBwDLtIec8fQs_tEgwc0s/01
Process ID:   48248

GROMACS version:    2020.5-dev-20210116-ddc6077-unknown
GIT SHA1 hash:      ddc6077cfc91185b44cf253801548ae5d6c5e673
Branched from:      unknown
Precision:          single
Memory model:       64 bit
MPI library:        thread_mpi
OpenMP support:     enabled (GMX_OPENMP_MAX_THREADS = 64)
GPU support:        disabled
SIMD instructions:  AVX2_256
FFT library:        fftw-3.3.8-sse2-avx
RDTSCP usage:       disabled
TNG support:        enabled
Hwloc support:      disabled
Tracing support:    disabled
C compiler:         /usr/bin/x86_64-linux-gnu-gcc GNU 8.3.0
C compiler flags:   -mavx2 -mfma -Wall -Wno-unused -Wunused-value -Wunused-parameter -Wextra -Wno-missing-field-initializers -Wno-sign-compare -Wpointer-arith -Wundef -Werror=stringop-truncation -fexcess-precision=fast -funroll-all-loops -Wno-array-bounds -O3 -DNDEBUG
C++ compiler:       /usr/bin/x86_64-linux-gnu-g++ GNU 8.3.0
C++ compiler flags: -mavx2 -mfma -Wall -Wextra -Wno-missing-field-initializers -Wpointer-arith -Wmissing-declarations -Wundef -Wstringop-truncation -fexcess-precision=fast -funroll-all-loops -Wno-array-bounds -fopenmp -O3 -DNDEBUG

Changing nstlist from 10 to 50, rlist from 1 to 1.111

Update task on the GPU was required, by the GMX_FORCE_UPDATE_DEFAULT_GPU environment variable, but the following condition(s) were not satisfied:

Either PME or short-ranged non-bonded interaction tasks must run on the GPU.
Compatible GPUs must have been found.
Only a CUDA build is supported.
Only the md integrator is supported.
The number of coupled constraints is higher than supported in the CUDA LINCS code.

Will use CPU version of update.

Using 1 MPI thread

Non-default thread affinity set, disabling internal thread affinity

Using 7 OpenMP threads 

System total charge: 0.000
Will do PME sum in reciprocal space for electrostatic interactions.

++++ PLEASE READ AND CITE THE FOLLOWING REFERENCE ++++
U. Essmann, L. Perera, M. L. Berkowitz, T. Darden, H. Lee and L. G. Pedersen 
A smooth particle mesh Ewald method
J. Chem. Phys. 103 (1995) pp. 8577-8592
-------- -------- --- Thank You --- -------- --------

Using a Gaussian width (1/beta) of 0.320163 nm for Ewald
Potential shift: LJ r^-12: -1.000e+00 r^-6: -1.000e+00, Ewald -1.000e-05
Initialized non-bonded Ewald tables, spacing: 9.33e-04 size: 1073

Generated table with 1055 data points for 1-4 COUL.
Tabscale = 500 points/nm
Generated table with 1055 data points for 1-4 LJ6.
Tabscale = 500 points/nm
Generated table with 1055 data points for 1-4 LJ12.
Tabscale = 500 points/nm

Using SIMD 4x8 nonbonded short-range kernels

Using a dual 4x8 pair-list setup updated with dynamic pruning:
  outer list: updated every 50 steps, buffer 0.111 nm, rlist 1.111 nm
  inner list: updated every 12 steps, buffer 0.003 nm, rlist 1.003 nm
At tolerance 0.005 kJ/mol/ps per atom, equivalent classical 1x1 list would be:
  outer list: updated every 50 steps, buffer 0.236 nm, rlist 1.236 nm
  inner list: updated every 12 steps, buffer 0.048 nm, rlist 1.048 nm

Using Lorentz-Berthelot Lennard-Jones combination rule

Long Range LJ corr.: <C6> 2.7970e-04


Initializing LINear Constraint Solver

++++ PLEASE READ AND CITE THE FOLLOWING REFERENCE ++++
B. Hess and H. Bekker and H. J. C. Berendsen and J. G. E. M. Fraaije
LINCS: A Linear Constraint Solver for molecular simulations
J. Comp. Chem. 18 (1997) pp. 1463-1472
-------- -------- --- Thank You --- -------- --------

The number of constraints is 145

++++ PLEASE READ AND CITE THE FOLLOWING REFERENCE ++++
S. Miyamoto and P. A. Kollman
SETTLE: An Analytical Version of the SHAKE and RATTLE Algorithms for Rigid
Water Models
J. Comp. Chem. 13 (1992) pp. 952-962
-------- -------- --- Thank You --- -------- --------

Setting the maximum number of constraint warnings to 2147483647
There are: 56092 Atoms
Center of mass motion removal mode is Linear
We have the following groups for center of mass motion removal:
  0:  rest

Started mdrun on rank 0 Fri Apr  3 19:27:44 2026

           Step           Time
      785050000   1570100.00000

   Energies (kJ/mol)
           Bond          Angle    Proper Dih.  Improper Dih.          LJ-14
    1.75245e+02    5.06190e+02    6.90750e+02    2.95402e+01    2.33093e+02
     Coulomb-14        LJ (SR)  Disper. corr.   Coulomb (SR)   Coul. recip.
    4.54431e+03    1.20168e+05   -6.50761e+03   -9.00658e+05    4.93098e+03
      Potential    Kinetic En.   Total Energy    Temperature Pres. DC (bar)
   -7.75888e+05    1.39214e+05   -6.36673e+05    2.97970e+02   -1.91233e+02
 Pressure (bar)   Constr. rmsd
    8.66123e+01    2.94973e-06

Writing checkpoint, step 785059700 at Fri Apr  3 19:32:47 2026


Writing checkpoint, step 785070200 at Fri Apr  3 19:37:47 2026


Writing checkpoint, step 785080800 at Fri Apr  3 19:42:46 2026


Writing checkpoint, step 785091650 at Fri Apr  3 19:47:47 2026


           Step           Time
      785100000   1570200.00000

   Energies (kJ/mol)
           Bond          Angle    Proper Dih.  Improper Dih.          LJ-14
    1.81995e+02    5.30067e+02    7.01942e+02    2.83773e+01    2.30834e+02
     Coulomb-14        LJ (SR)  Disper. corr.   Coulomb (SR)   Coul. recip.
    4.52760e+03    1.20826e+05   -6.50761e+03   -9.02977e+05    4.88307e+03
      Potential    Kinetic En.   Total Energy    Temperature Pres. DC (bar)
   -7.77575e+05    1.39992e+05   -6.37582e+05    2.99635e+02   -1.91233e+02
 Pressure (bar)   Constr. rmsd
    1.08555e+02    2.84944e-06

Writing checkpoint, step 785102550 at Fri Apr  3 19:52:47 2026


Writing checkpoint, step 785113450 at Fri Apr  3 19:57:46 2026


Writing checkpoint, step 785124400 at Fri Apr  3 20:02:47 2026


Writing checkpoint, step 785134700 at Fri Apr  3 20:07:46 2026


Writing checkpoint, step 785144100 at Fri Apr  3 20:12:48 2026


           Step           Time
      785150000   1570300.00000

   Energies (kJ/mol)
           Bond          Angle    Proper Dih.  Improper Dih.          LJ-14
    1.75176e+02    5.79426e+02    7.10887e+02    3.07610e+01    2.23500e+02
     Coulomb-14        LJ (SR)  Disper. corr.   Coulomb (SR)   Coul. recip.
    4.53432e+03    1.20457e+05   -6.50761e+03   -9.01228e+05    4.88471e+03
      Potential    Kinetic En.   Total Energy    Temperature Pres. DC (bar)
   -7.76140e+05    1.39697e+05   -6.36443e+05    2.99002e+02   -1.91233e+02
 Pressure (bar)   Constr. rmsd
    1.03147e+02    3.28948e-06

Writing checkpoint, step 785153850 at Fri Apr  3 20:17:47 2026




Received the remote second INT/TERM signal, stopping within 51 steps

           Step           Time
      785160451   1570320.90200

Writing checkpoint, step 785160451 at Fri Apr  3 20:20:52 2026


   Energies (kJ/mol)
           Bond          Angle    Proper Dih.  Improper Dih.          LJ-14
    1.91020e+02    5.07291e+02    7.24235e+02    5.40084e+01    2.39686e+02
     Coulomb-14        LJ (SR)  Disper. corr.   Coulomb (SR)   Coul. recip.
    4.56332e+03    1.20021e+05   -6.50761e+03   -9.00650e+05    4.86939e+03
      Potential    Kinetic En.   Total Energy    Temperature Pres. DC (bar)
   -7.75987e+05    1.40217e+05   -6.35770e+05    3.00115e+02   -1.91233e+02
 Pressure (bar)   Constr. rmsd
    5.13052e+01    3.30698e-06


	<======  ###############  ==>
	<====  A V E R A G E S  ====>
	<==  ###############  ======>

	Statistics over 160452 steps using 1605 frames

   Energies (kJ/mol)
           Bond          Angle    Proper Dih.  Improper Dih.          LJ-14
    1.91980e+02    5.23573e+02    7.08279e+02    2.64556e+01    2.29472e+02
     Coulomb-14        LJ (SR)  Disper. corr.   Coulomb (SR)   Coul. recip.
    4.50256e+03    1.20006e+05   -6.50761e+03   -9.01128e+05    4.89150e+03
      Potential    Kinetic En.   Total Energy    Temperature Pres. DC (bar)
   -7.76556e+05    1.40242e+05   -6.36314e+05    3.00169e+02   -1.91233e+02
 Pressure (bar)   Constr. rmsd
    6.33054e+01    0.00000e+00

   Total Virial (kJ/mol)
    4.56486e+04   -2.73468e+01    7.36175e+01
   -2.71697e+01    4.57173e+04   -2.48902e+01
    7.43222e+01   -2.44142e+01    4.56407e+04

   Pressure (bar)
    6.45911e+01    2.27096e+00   -4.36791e+00
    2.26056e+00    6.05794e+01    7.43289e-01
   -4.40927e+00    7.15352e-01    6.47457e+01

      T-Protein  T-non-Protein
    3.00851e+02    3.00165e+02


	M E G A - F L O P S   A C C O U N T I N G

 NB=Group-cutoff nonbonded kernels    NxN=N-by-N cluster Verlet kernels
 RF=Reaction-Field  VdW=Van der Waals  QSTab=quadratic-spline table
 W3=SPC/TIP3p  W4=TIP4p (single or pairs)
 V&F=Potential and force  V=Potential only  F=Force only

 Computing:                               M-Number         M-Flops  % Flops
-----------------------------------------------------------------------------
 Pair Search distance check           55441.442658      498972.984     0.2
 NxN Ewald Elec. + LJ [F]           1822492.119536   120284479.889    49.9
 NxN Ewald Elec. + LJ [V&F]           18425.223632     1971498.929     0.8
 NxN Ewald Elec. [F]                1757377.235088   107200011.340    44.4
 NxN Ewald Elec. [V&F]                17767.065136     1492433.471     0.6
 1,4 nonbonded interactions              80.258225        7223.240     0.0
 Calc Weights                         18628.321476      670619.573     0.3
 Spread Q Bspline                    397404.191488      794808.383     0.3
 Gather F Bspline                    397404.191488     2384425.149     1.0
 3D-FFT                              532379.263964     4259034.112     1.8
 Solve PME                              299.335504       19157.472     0.0
 Shift-X                                124.243780         745.463     0.0
 Bonds                                   14.723233         868.671     0.0
 Angles                                  56.346809        9466.264     0.0
 Propers                                 96.641973       22131.012     0.0
 Impropers                                5.202947        1082.213     0.0
 Virial                                  62.199796        1119.596     0.0
 Update                                6209.440492      192492.655     0.1
 Stop-CM                                 62.093844         620.938     0.0
 Calc-Ekin                              248.431468        6707.650     0.0
 Lincs                                   32.103290        1926.197     0.0
 Lincs-Mat                              188.634504         754.538     0.0
 Constraint-V                         12405.818266       99246.546     0.0
 Constraint-Vir                          61.923904        1486.174     0.0
 Settle                                4113.870562     1328780.192     0.6
-----------------------------------------------------------------------------
 Total                                               241250092.652   100.0
-----------------------------------------------------------------------------


     R E A L   C Y C L E   A N D   T I M E   A C C O U N T I N G

On 1 MPI rank, each using 7 OpenMP threads

 Computing:          Num   Num      Call    Wall time         Giga-Cycles
                     Ranks Threads  Count      (s)         total sum    %
-----------------------------------------------------------------------------
 Neighbor search        1    7       2215      88.448       1497.800   2.8
 Force                  1    7     110701    2232.726      37809.363  70.0
 PME mesh               1    7     110701     542.858       9192.857  17.0
 NB X/F buffer ops.     1    7     219187      77.550       1313.253   2.4
 Write traj.            1    7         14       3.935         66.634   0.1
 Update                 1    7     221402     154.566       2617.442   4.8
 Constraints            1    7     221402      80.875       1369.550   2.5
 Rest                                           6.749        114.295   0.2
-----------------------------------------------------------------------------
 Total                                       3187.708      53981.194 100.0
-----------------------------------------------------------------------------
 Breakdown of PME mesh computation
-----------------------------------------------------------------------------
 PME spread             1    7     110701     241.118       4083.126   7.6
 PME gather             1    7     110701     164.693       2788.943   5.2
 PME 3D-FFT             1    7     221402     123.922       2098.524   3.9
 PME solve Elec         1    7     110701       8.505        144.021   0.3
-----------------------------------------------------------------------------

               Core t (s)   Wall t (s)        (%)
       Time:    22313.954     3187.708      700.0
                         53:07
                 (ns/day)    (hour/ns)
Performance:        6.001        3.999
Finished mdrun on rank 0 Fri Apr  3 20:20:52 2026


Reading checkpoint file state.cpt
  file generated by:     
  file generated at:     Fri Apr  3 20:20:52 2026

  GROMACS double prec.:  0
  simulation part #:     4
  step:                  785160451
  time:                  1570320.902000



-----------------------------------------------------------
Restarting from checkpoint, appending to previous log file.

         :-) GROMACS - GROMACS, 2020.5-dev-20210116-ddc6077-unknown (-:

Working dir:  /home/nixboom/dotfiles/nixos/modules/common/work/B6xsS98HwM0SodVDp958lywBwDLtIec8fQs_tEgwc0s/01
Process ID:   50931

GROMACS version:    2020.5-dev-20210116-ddc6077-unknown
GIT SHA1 hash:      ddc6077cfc91185b44cf253801548ae5d6c5e673
Branched from:      unknown
Precision:          single
Memory model:       64 bit
MPI library:        thread_mpi
OpenMP support:     enabled (GMX_OPENMP_MAX_THREADS = 64)
GPU support:        disabled
SIMD instructions:  AVX2_256
FFT library:        fftw-3.3.8-sse2-avx
RDTSCP usage:       disabled
TNG support:        enabled
Hwloc support:      disabled
Tracing support:    disabled
C compiler:         /usr/bin/x86_64-linux-gnu-gcc GNU 8.3.0
C compiler flags:   -mavx2 -mfma -Wall -Wno-unused -Wunused-value -Wunused-parameter -Wextra -Wno-missing-field-initializers -Wno-sign-compare -Wpointer-arith -Wundef -Werror=stringop-truncation -fexcess-precision=fast -funroll-all-loops -Wno-array-bounds -O3 -DNDEBUG
C++ compiler:       /usr/bin/x86_64-linux-gnu-g++ GNU 8.3.0
C++ compiler flags: -mavx2 -mfma -Wall -Wextra -Wno-missing-field-initializers -Wpointer-arith -Wmissing-declarations -Wundef -Wstringop-truncation -fexcess-precision=fast -funroll-all-loops -Wno-array-bounds -fopenmp -O3 -DNDEBUG

Changing nstlist from 10 to 50, rlist from 1 to 1.111

Update task on the GPU was required, by the GMX_FORCE_UPDATE_DEFAULT_GPU environment variable, but the following condition(s) were not satisfied:

Either PME or short-ranged non-bonded interaction tasks must run on the GPU.
Compatible GPUs must have been found.
Only a CUDA build is supported.
Only the md integrator is supported.
The number of coupled constraints is higher than supported in the CUDA LINCS code.

Will use CPU version of update.

Using 1 MPI thread

Non-default thread affinity set, disabling internal thread affinity

Using 8 OpenMP threads 

System total charge: 0.000
Will do PME sum in reciprocal space for electrostatic interactions.

++++ PLEASE READ AND CITE THE FOLLOWING REFERENCE ++++
U. Essmann, L. Perera, M. L. Berkowitz, T. Darden, H. Lee and L. G. Pedersen 
A smooth particle mesh Ewald method
J. Chem. Phys. 103 (1995) pp. 8577-8592
-------- -------- --- Thank You --- -------- --------

Using a Gaussian width (1/beta) of 0.320163 nm for Ewald
Potential shift: LJ r^-12: -1.000e+00 r^-6: -1.000e+00, Ewald -1.000e-05
Initialized non-bonded Ewald tables, spacing: 9.33e-04 size: 1073

Generated table with 1055 data points for 1-4 COUL.
Tabscale = 500 points/nm
Generated table with 1055 data points for 1-4 LJ6.
Tabscale = 500 points/nm
Generated table with 1055 data points for 1-4 LJ12.
Tabscale = 500 points/nm

Using SIMD 4x8 nonbonded short-range kernels

Using a dual 4x8 pair-list setup updated with dynamic pruning:
  outer list: updated every 50 steps, buffer 0.111 nm, rlist 1.111 nm
  inner list: updated every 12 steps, buffer 0.003 nm, rlist 1.003 nm
At tolerance 0.005 kJ/mol/ps per atom, equivalent classical 1x1 list would be:
  outer list: updated every 50 steps, buffer 0.236 nm, rlist 1.236 nm
  inner list: updated every 12 steps, buffer 0.048 nm, rlist 1.048 nm

Using Lorentz-Berthelot Lennard-Jones combination rule

Long Range LJ corr.: <C6> 2.7970e-04


Initializing LINear Constraint Solver

++++ PLEASE READ AND CITE THE FOLLOWING REFERENCE ++++
B. Hess and H. Bekker and H. J. C. Berendsen and J. G. E. M. Fraaije
LINCS: A Linear Constraint Solver for molecular simulations
J. Comp. Chem. 18 (1997) pp. 1463-1472
-------- -------- --- Thank You --- -------- --------

The number of constraints is 145

++++ PLEASE READ AND CITE THE FOLLOWING REFERENCE ++++
S. Miyamoto and P. A. Kollman
SETTLE: An Analytical Version of the SHAKE and RATTLE Algorithms for Rigid
Water Models
J. Comp. Chem. 13 (1992) pp. 952-962
-------- -------- --- Thank You --- -------- --------

Setting the maximum number of constraint warnings to 2147483647
There are: 56092 Atoms
Center of mass motion removal mode is Linear
We have the following groups for center of mass motion removal:
  0:  rest

Started mdrun on rank 0 Fri Apr  3 20:20:53 2026

Writing checkpoint, step 785170650 at Fri Apr  3 20:25:54 2026


Writing checkpoint, step 785182000 at Fri Apr  3 20:30:55 2026


Writing checkpoint, step 785196900 at Fri Apr  3 20:35:54 2026


           Step           Time
      785200000   1570400.00000

   Energies (kJ/mol)
           Bond          Angle    Proper Dih.  Improper Dih.          LJ-14
    2.31308e+02    5.02950e+02    6.95745e+02    2.66223e+01    2.30373e+02
     Coulomb-14        LJ (SR)  Disper. corr.   Coulomb (SR)   Coul. recip.
    4.55309e+03    1.20563e+05   -6.50761e+03   -9.01679e+05    4.92726e+03
      Potential    Kinetic En.   Total Energy    Temperature Pres. DC (bar)
   -7.76456e+05    1.40886e+05   -6.35570e+05    3.01547e+02   -1.91233e+02
 Pressure (bar)   Constr. rmsd
    1.51435e+02    2.42774e-06

Writing checkpoint, step 785206850 at Fri Apr  3 20:40:55 2026


Writing checkpoint, step 785220450 at Fri Apr  3 20:45:54 2026


Writing checkpoint, step 785235400 at Fri Apr  3 20:50:55 2026


Writing checkpoint, step 785246500 at Fri Apr  3 20:56:00 2026


           Step           Time
      785250000   1570500.00000

   Energies (kJ/mol)
           Bond          Angle    Proper Dih.  Improper Dih.          LJ-14
    1.71540e+02    5.70605e+02    6.92374e+02    2.51020e+01    2.30710e+02
     Coulomb-14        LJ (SR)  Disper. corr.   Coulomb (SR)   Coul. recip.
    4.54818e+03    1.21540e+05   -6.50761e+03   -9.04609e+05    4.84150e+03
      Potential    Kinetic En.   Total Energy    Temperature Pres. DC (bar)
   -7.78496e+05    1.40551e+05   -6.37946e+05    3.00829e+02   -1.91233e+02
 Pressure (bar)   Constr. rmsd
    1.30635e+02    3.15449e-06

Writing checkpoint, step 785253250 at Fri Apr  3 21:00:57 2026


Writing checkpoint, step 785259600 at Fri Apr  3 21:05:56 2026


Writing checkpoint, step 785266800 at Fri Apr  3 21:10:57 2026




Received the remote second INT/TERM signal, stopping within 51 steps

           Step           Time
      785271501   1570543.00200

Writing checkpoint, step 785271501 at Fri Apr  3 21:13:57 2026


   Energies (kJ/mol)
           Bond          Angle    Proper Dih.  Improper Dih.          LJ-14
    2.02059e+02    5.63657e+02    7.17094e+02    2.92482e+01    2.45271e+02
     Coulomb-14        LJ (SR)  Disper. corr.   Coulomb (SR)   Coul. recip.
    4.53935e+03    1.19902e+05   -6.50761e+03   -9.02529e+05    4.90154e+03
      Potential    Kinetic En.   Total Energy    Temperature Pres. DC (bar)
   -7.77936e+05    1.38764e+05   -6.39172e+05    2.97005e+02   -1.91233e+02
 Pressure (bar)   Constr. rmsd
   -2.27469e+01    2.63790e-06


	<======  ###############  ==>
	<====  A V E R A G E S  ====>
	<==  ###############  ======>

	Statistics over 271502 steps using 2716 frames

   Energies (kJ/mol)
           Bond          Angle    Proper Dih.  Improper Dih.          LJ-14
    1.91673e+02    5.27398e+02    7.08892e+02    2.62884e+01    2.29300e+02
     Coulomb-14        LJ (SR)  Disper. corr.   Coulomb (SR)   Coul. recip.
    4.50386e+03    1.20022e+05   -6.50761e+03   -9.01144e+05    4.89041e+03
      Potential    Kinetic En.   Total Energy    Temperature Pres. DC (bar)
   -7.76552e+05    1.40240e+05   -6.36312e+05    3.00165e+02   -1.91233e+02
 Pressure (bar)   Constr. rmsd
    6.52524e+01    0.00000e+00

   Total Virial (kJ/mol)
    4.56285e+04   -2.45158e+01    7.71754e+01
   -2.40639e+01    4.56615e+04   -2.08223e+01
    7.78660e+01   -2.06341e+01    4.56154e+04

   Pressure (bar)
    6.58397e+01    1.69640e+00   -4.50479e+00
    1.66987e+00    6.37102e+01    9.13618e-01
   -4.54533e+00    9.02574e-01    6.62072e+01

      T-Protein  T-non-Protein
    3.00713e+02    3.00161e+02


	M E G A - F L O P S   A C C O U N T I N G

 NB=Group-cutoff nonbonded kernels    NxN=N-by-N cluster Verlet kernels
 RF=Reaction-Field  VdW=Van der Waals  QSTab=quadratic-spline table
 W3=SPC/TIP3p  W4=TIP4p (single or pairs)
 V&F=Potential and force  V=Potential only  F=Force only

 Computing:                               M-Number         M-Flops  % Flops
-----------------------------------------------------------------------------
 Pair Search distance check           55624.253306      500618.280     0.2
 NxN Ewald Elec. + LJ [F]           1827879.514496   120640047.957    49.8
 NxN Ewald Elec. + LJ [V&F]           18487.674496     1978181.171     0.8
 NxN Ewald Elec. [F]                1763234.566624   107557308.564    44.4
 NxN Ewald Elec. [V&F]                17834.313152     1498082.305     0.6
 1,4 nonbonded interactions              80.511975        7246.078     0.0
 Calc Weights                         18687.218076      672739.851     0.3
 Spread Q Bspline                    398660.652288      797321.305     0.3
 Gather F Bspline                    398660.652288     2391963.914     1.0
 3D-FFT                              534062.471364     4272499.771     1.8
 Solve PME                              300.281904       19218.042     0.0
 Shift-X                                124.636424         747.819     0.0
 Bonds                                   14.769783         871.417     0.0
 Angles                                  56.524959        9496.193     0.0
 Propers                                 96.947523       22200.983     0.0
 Impropers                                5.219397        1085.635     0.0
 Virial                                  62.424344        1123.638     0.0
 Update                                6229.072692      193101.253     0.1
 Stop-CM                                 62.318212         623.182     0.0
 Calc-Ekin                              249.216756        6728.852     0.0
 Lincs                                   32.204790        1932.287     0.0
 Lincs-Mat                              189.230904         756.924     0.0
 Constraint-V                         12445.041366       99560.331     0.0
 Constraint-Vir                          62.147456        1491.539     0.0
 Settle                                4126.877262     1332981.356     0.6
-----------------------------------------------------------------------------
 Total                                               242007928.645   100.0
-----------------------------------------------------------------------------


     R E A L   C Y C L E   A N D   T I M E   A C C O U N T I N G

On 1 MPI rank, each using 8 OpenMP threads

 Computing:          Num   Num      Call    Wall time         Giga-Cycles
                     Ranks Threads  Count      (s)         total sum    %
-----------------------------------------------------------------------------
 Neighbor search        1    8       2222      77.997       1509.510   2.4
 Force                  1    8     111051    1998.992      38687.143  62.8
 PME mesh               1    8     111051     640.106      12388.176  20.1
 NB X/F buffer ops.     1    8     219880     139.422       2698.288   4.4
 Write traj.            1    8         13       4.005         77.513   0.1
 Update                 1    8     222102     179.039       3464.999   5.6
 Constraints            1    8     222102     136.927       2649.988   4.3
 Rest                                           7.903        152.944   0.2
-----------------------------------------------------------------------------
 Total                                       3184.392      61628.561 100.0
-----------------------------------------------------------------------------
 Breakdown of PME mesh computation
-----------------------------------------------------------------------------
 PME spread             1    8     111051     267.607       5179.092   8.4
 PME gather             1    8     111051     208.712       4039.279   6.6
 PME 3D-FFT             1    8     222102     141.715       2742.648   4.5
 PME solve Elec         1    8     111051       7.386        142.942   0.2
-----------------------------------------------------------------------------

               Core t (s)   Wall t (s)        (%)
       Time:    25475.131     3184.392      800.0
                         53:04
                 (ns/day)    (hour/ns)
Performance:        6.026        3.983
Finished mdrun on rank 0 Fri Apr  3 21:13:57 2026


Reading checkpoint file state.cpt
  file generated by:     
  file generated at:     Fri Apr  3 21:13:57 2026

  GROMACS double prec.:  0
  simulation part #:     5
  step:                  785271501
  time:                  1570543.002000



-----------------------------------------------------------
Restarting from checkpoint, appending to previous log file.

         :-) GROMACS - GROMACS, 2020.5-dev-20210116-ddc6077-unknown (-:

Working dir:  /home/nixboom/dotfiles/nixos/modules/common/work/B6xsS98HwM0SodVDp958lywBwDLtIec8fQs_tEgwc0s/01
Process ID:   58528

GROMACS version:    2020.5-dev-20210116-ddc6077-unknown
GIT SHA1 hash:      ddc6077cfc91185b44cf253801548ae5d6c5e673
Branched from:      unknown
Precision:          single
Memory model:       64 bit
MPI library:        thread_mpi
OpenMP support:     enabled (GMX_OPENMP_MAX_THREADS = 64)
GPU support:        disabled
SIMD instructions:  AVX2_256
FFT library:        fftw-3.3.8-sse2-avx
RDTSCP usage:       disabled
TNG support:        enabled
Hwloc support:      disabled
Tracing support:    disabled
C compiler:         /usr/bin/x86_64-linux-gnu-gcc GNU 8.3.0
C compiler flags:   -mavx2 -mfma -Wall -Wno-unused -Wunused-value -Wunused-parameter -Wextra -Wno-missing-field-initializers -Wno-sign-compare -Wpointer-arith -Wundef -Werror=stringop-truncation -fexcess-precision=fast -funroll-all-loops -Wno-array-bounds -O3 -DNDEBUG
C++ compiler:       /usr/bin/x86_64-linux-gnu-g++ GNU 8.3.0
C++ compiler flags: -mavx2 -mfma -Wall -Wextra -Wno-missing-field-initializers -Wpointer-arith -Wmissing-declarations -Wundef -Wstringop-truncation -fexcess-precision=fast -funroll-all-loops -Wno-array-bounds -fopenmp -O3 -DNDEBUG

Changing nstlist from 10 to 50, rlist from 1 to 1.111

Update task on the GPU was required, by the GMX_FORCE_UPDATE_DEFAULT_GPU environment variable, but the following condition(s) were not satisfied:

Either PME or short-ranged non-bonded interaction tasks must run on the GPU.
Compatible GPUs must have been found.
Only a CUDA build is supported.
Only the md integrator is supported.
The number of coupled constraints is higher than supported in the CUDA LINCS code.

Will use CPU version of update.

Using 1 MPI thread

Non-default thread affinity set, disabling internal thread affinity

Using 1 OpenMP thread 

System total charge: 0.000
Will do PME sum in reciprocal space for electrostatic interactions.

++++ PLEASE READ AND CITE THE FOLLOWING REFERENCE ++++
U. Essmann, L. Perera, M. L. Berkowitz, T. Darden, H. Lee and L. G. Pedersen 
A smooth particle mesh Ewald method
J. Chem. Phys. 103 (1995) pp. 8577-8592
-------- -------- --- Thank You --- -------- --------

Using a Gaussian width (1/beta) of 0.320163 nm for Ewald
Potential shift: LJ r^-12: -1.000e+00 r^-6: -1.000e+00, Ewald -1.000e-05
Initialized non-bonded Ewald tables, spacing: 9.33e-04 size: 1073

Generated table with 1055 data points for 1-4 COUL.
Tabscale = 500 points/nm
Generated table with 1055 data points for 1-4 LJ6.
Tabscale = 500 points/nm
Generated table with 1055 data points for 1-4 LJ12.
Tabscale = 500 points/nm

Using SIMD 4x8 nonbonded short-range kernels

Using a dual 4x8 pair-list setup updated with dynamic pruning:
  outer list: updated every 50 steps, buffer 0.111 nm, rlist 1.111 nm
  inner list: updated every 12 steps, buffer 0.003 nm, rlist 1.003 nm
At tolerance 0.005 kJ/mol/ps per atom, equivalent classical 1x1 list would be:
  outer list: updated every 50 steps, buffer 0.236 nm, rlist 1.236 nm
  inner list: updated every 12 steps, buffer 0.048 nm, rlist 1.048 nm

Using Lorentz-Berthelot Lennard-Jones combination rule

Long Range LJ corr.: <C6> 2.7970e-04


Initializing LINear Constraint Solver

++++ PLEASE READ AND CITE THE FOLLOWING REFERENCE ++++
B. Hess and H. Bekker and H. J. C. Berendsen and J. G. E. M. Fraaije
LINCS: A Linear Constraint Solver for molecular simulations
J. Comp. Chem. 18 (1997) pp. 1463-1472
-------- -------- --- Thank You --- -------- --------

The number of constraints is 145

++++ PLEASE READ AND CITE THE FOLLOWING REFERENCE ++++
S. Miyamoto and P. A. Kollman
SETTLE: An Analytical Version of the SHAKE and RATTLE Algorithms for Rigid
Water Models
J. Comp. Chem. 13 (1992) pp. 952-962
-------- -------- --- Thank You --- -------- --------

Setting the maximum number of constraint warnings to 2147483647
There are: 56092 Atoms
Center of mass motion removal mode is Linear
We have the following groups for center of mass motion removal:
  0:  rest

Started mdrun on rank 0 Fri Apr  3 21:13:58 2026



Received the remote second INT/TERM signal, stopping within 51 steps

           Step           Time
      785272051   1570544.10200

Writing checkpoint, step 785272051 at Fri Apr  3 21:14:22 2026


   Energies (kJ/mol)
           Bond          Angle    Proper Dih.  Improper Dih.          LJ-14
    1.95630e+02    5.87568e+02    7.23469e+02    2.32288e+01    2.46743e+02
     Coulomb-14        LJ (SR)  Disper. corr.   Coulomb (SR)   Coul. recip.
    4.54288e+03    1.19817e+05   -6.50761e+03   -9.00956e+05    4.86571e+03
      Potential    Kinetic En.   Total Energy    Temperature Pres. DC (bar)
   -7.76462e+05    1.39463e+05   -6.36998e+05    2.98502e+02   -1.91233e+02
 Pressure (bar)   Constr. rmsd
    2.89004e+01    3.31581e-06


	<======  ###############  ==>
	<====  A V E R A G E S  ====>
	<==  ###############  ======>

	Statistics over 272052 steps using 2721 frames

   Energies (kJ/mol)
           Bond          Angle    Proper Dih.  Improper Dih.          LJ-14
    1.91643e+02    5.27383e+02    7.08916e+02    2.62905e+01    2.29327e+02
     Coulomb-14        LJ (SR)  Disper. corr.   Coulomb (SR)   Coul. recip.
    4.50392e+03    1.20023e+05   -6.50761e+03   -9.01146e+05    4.89039e+03
      Potential    Kinetic En.   Total Energy    Temperature Pres. DC (bar)
   -7.76553e+05    1.40241e+05   -6.36312e+05    3.00166e+02   -1.91233e+02
 Pressure (bar)   Constr. rmsd
    6.53021e+01    0.00000e+00

   Total Virial (kJ/mol)
    4.56282e+04   -2.50770e+01    7.74527e+01
   -2.46476e+01    4.56622e+04   -2.00190e+01
    7.81297e+01   -1.98559e+01    4.56128e+04

   Pressure (bar)
    6.58649e+01    1.71887e+00   -4.50508e+00
    1.69366e+00    6.36635e+01    8.57915e-01
   -4.54482e+00    8.48339e-01    6.63779e+01

      T-Protein  T-non-Protein
    3.00705e+02    3.00162e+02


	M E G A - F L O P S   A C C O U N T I N G

 NB=Group-cutoff nonbonded kernels    NxN=N-by-N cluster Verlet kernels
 RF=Reaction-Field  VdW=Van der Waals  QSTab=quadratic-spline table
 W3=SPC/TIP3p  W4=TIP4p (single or pairs)
 V&F=Potential and force  V=Potential only  F=Force only

 Computing:                               M-Number         M-Flops  % Flops
-----------------------------------------------------------------------------
 Pair Search distance check             300.580494        2705.224     0.2
 NxN Ewald Elec. + LJ [F]              9057.847552      597817.938    49.8
 NxN Ewald Elec. + LJ [V&F]              99.709696       10668.937     0.9
 NxN Ewald Elec. [F]                   8745.979744      533504.764    44.4
 NxN Ewald Elec. [V&F]                   96.214400        8082.010     0.7
 1,4 nonbonded interactions               0.399475          35.953     0.0
 Calc Weights                            92.720076        3337.923     0.3
 Spread Q Bspline                      1978.028288        3956.057     0.3
 Gather F Bspline                      1978.028288       11868.170     1.0
 3D-FFT                                2649.849364       21198.795     1.8
 Solve PME                                1.489904          95.354     0.0
 Shift-X                                  0.673104           4.039     0.0
 Bonds                                    0.073283           4.324     0.0
 Angles                                   0.280459          47.117     0.0
 Propers                                  0.481023         110.154     0.0
 Impropers                                0.025897           5.387     0.0
 Virial                                   0.336822           6.063     0.0
 Update                                  30.906692         958.107     0.1
 Stop-CM                                  0.280460           2.805     0.0
 Calc-Ekin                                1.290116          34.833     0.0
 Lincs                                    0.159790           9.587     0.0
 Lincs-Mat                                0.938904           3.756     0.0
 Constraint-V                            61.748366         493.987     0.0
 Constraint-Vir                           0.335328           8.048     0.0
 Settle                                  20.476262        6613.833     0.6
-----------------------------------------------------------------------------
 Total                                                 1201573.164   100.0
-----------------------------------------------------------------------------


     R E A L   C Y C L E   A N D   T I M E   A C C O U N T I N G

On 1 MPI rank

 Computing:          Num   Num      Call    Wall time         Giga-Cycles
                     Ranks Threads  Count      (s)         total sum    %
-----------------------------------------------------------------------------
 Neighbor search        1    1         12       0.915          2.214   3.8
 Force                  1    1        551      17.722         42.872  74.0
 PME mesh               1    1        551       3.365          8.140  14.1
 NB X/F buffer ops.     1    1       1090       0.185          0.447   0.8
 Write traj.            1    1          1       0.202          0.489   0.8
 Update                 1    1       1102       1.047          2.532   4.4
 Constraints            1    1       1102       0.446          1.078   1.9
 Rest                                           0.058          0.141   0.2
-----------------------------------------------------------------------------
 Total                                         23.939         57.912 100.0
-----------------------------------------------------------------------------
 Breakdown of PME mesh computation
-----------------------------------------------------------------------------
 PME spread             1    1        551       1.480          3.581   6.2
 PME gather             1    1        551       1.012          2.448   4.2
 PME 3D-FFT             1    1       1102       0.787          1.904   3.3
 PME solve Elec         1    1        551       0.083          0.201   0.3
-----------------------------------------------------------------------------

               Core t (s)   Wall t (s)        (%)
       Time:       23.939       23.939      100.0
                 (ns/day)    (hour/ns)
Performance:        3.977        6.034
Finished mdrun on rank 0 Fri Apr  3 21:14:22 2026


Reading checkpoint file state.cpt
  file generated by:     
  file generated at:     Fri Apr  3 21:14:22 2026

  GROMACS double prec.:  0
  simulation part #:     6
  step:                  785272051
  time:                  1570544.102000



-----------------------------------------------------------
Restarting from checkpoint, appending to previous log file.

         :-) GROMACS - GROMACS, 2020.5-dev-20210116-ddc6077-unknown (-:

Working dir:  /home/nixboom/dotfiles/nixos/modules/common/work/B6xsS98HwM0SodVDp958lywBwDLtIec8fQs_tEgwc0s/01
Process ID:   58544

GROMACS version:    2020.5-dev-20210116-ddc6077-unknown
GIT SHA1 hash:      ddc6077cfc91185b44cf253801548ae5d6c5e673
Branched from:      unknown
Precision:          single
Memory model:       64 bit
MPI library:        thread_mpi
OpenMP support:     enabled (GMX_OPENMP_MAX_THREADS = 64)
GPU support:        disabled
SIMD instructions:  AVX2_256
FFT library:        fftw-3.3.8-sse2-avx
RDTSCP usage:       disabled
TNG support:        enabled
Hwloc support:      disabled
Tracing support:    disabled
C compiler:         /usr/bin/x86_64-linux-gnu-gcc GNU 8.3.0
C compiler flags:   -mavx2 -mfma -Wall -Wno-unused -Wunused-value -Wunused-parameter -Wextra -Wno-missing-field-initializers -Wno-sign-compare -Wpointer-arith -Wundef -Werror=stringop-truncation -fexcess-precision=fast -funroll-all-loops -Wno-array-bounds -O3 -DNDEBUG
C++ compiler:       /usr/bin/x86_64-linux-gnu-g++ GNU 8.3.0
C++ compiler flags: -mavx2 -mfma -Wall -Wextra -Wno-missing-field-initializers -Wpointer-arith -Wmissing-declarations -Wundef -Wstringop-truncation -fexcess-precision=fast -funroll-all-loops -Wno-array-bounds -fopenmp -O3 -DNDEBUG

Changing nstlist from 10 to 50, rlist from 1 to 1.111

Update task on the GPU was required, by the GMX_FORCE_UPDATE_DEFAULT_GPU environment variable, but the following condition(s) were not satisfied:

Either PME or short-ranged non-bonded interaction tasks must run on the GPU.
Compatible GPUs must have been found.
Only a CUDA build is supported.
Only the md integrator is supported.
The number of coupled constraints is higher than supported in the CUDA LINCS code.

Will use CPU version of update.

Using 1 MPI thread

Non-default thread affinity set, disabling internal thread affinity

Using 8 OpenMP threads 

System total charge: 0.000
Will do PME sum in reciprocal space for electrostatic interactions.

++++ PLEASE READ AND CITE THE FOLLOWING REFERENCE ++++
U. Essmann, L. Perera, M. L. Berkowitz, T. Darden, H. Lee and L. G. Pedersen 
A smooth particle mesh Ewald method
J. Chem. Phys. 103 (1995) pp. 8577-8592
-------- -------- --- Thank You --- -------- --------

Using a Gaussian width (1/beta) of 0.320163 nm for Ewald
Potential shift: LJ r^-12: -1.000e+00 r^-6: -1.000e+00, Ewald -1.000e-05
Initialized non-bonded Ewald tables, spacing: 9.33e-04 size: 1073

Generated table with 1055 data points for 1-4 COUL.
Tabscale = 500 points/nm
Generated table with 1055 data points for 1-4 LJ6.
Tabscale = 500 points/nm
Generated table with 1055 data points for 1-4 LJ12.
Tabscale = 500 points/nm

Using SIMD 4x8 nonbonded short-range kernels

Using a dual 4x8 pair-list setup updated with dynamic pruning:
  outer list: updated every 50 steps, buffer 0.111 nm, rlist 1.111 nm
  inner list: updated every 12 steps, buffer 0.003 nm, rlist 1.003 nm
At tolerance 0.005 kJ/mol/ps per atom, equivalent classical 1x1 list would be:
  outer list: updated every 50 steps, buffer 0.236 nm, rlist 1.236 nm
  inner list: updated every 12 steps, buffer 0.048 nm, rlist 1.048 nm

Using Lorentz-Berthelot Lennard-Jones combination rule

Long Range LJ corr.: <C6> 2.7970e-04


Initializing LINear Constraint Solver

++++ PLEASE READ AND CITE THE FOLLOWING REFERENCE ++++
B. Hess and H. Bekker and H. J. C. Berendsen and J. G. E. M. Fraaije
LINCS: A Linear Constraint Solver for molecular simulations
J. Comp. Chem. 18 (1997) pp. 1463-1472
-------- -------- --- Thank You --- -------- --------

The number of constraints is 145

++++ PLEASE READ AND CITE THE FOLLOWING REFERENCE ++++
S. Miyamoto and P. A. Kollman
SETTLE: An Analytical Version of the SHAKE and RATTLE Algorithms for Rigid
Water Models
J. Comp. Chem. 13 (1992) pp. 952-962
-------- -------- --- Thank You --- -------- --------

Setting the maximum number of constraint warnings to 2147483647
There are: 56092 Atoms
Center of mass motion removal mode is Linear
We have the following groups for center of mass motion removal:
  0:  rest

Started mdrun on rank 0 Fri Apr  3 21:14:23 2026



Received the remote second INT/TERM signal, stopping within 51 steps

           Step           Time
      785278851   1570557.70200

Writing checkpoint, step 785278851 at Fri Apr  3 21:18:10 2026


   Energies (kJ/mol)
           Bond          Angle    Proper Dih.  Improper Dih.          LJ-14
    1.39311e+02    5.67039e+02    6.99173e+02    3.43537e+01    2.50960e+02
     Coulomb-14        LJ (SR)  Disper. corr.   Coulomb (SR)   Coul. recip.
    4.56404e+03    1.21102e+05   -6.50761e+03   -9.03708e+05    4.79297e+03
      Potential    Kinetic En.   Total Energy    Temperature Pres. DC (bar)
   -7.78066e+05    1.39993e+05   -6.38073e+05    2.99636e+02   -1.91233e+02
 Pressure (bar)   Constr. rmsd
    8.93553e+01    2.28925e-06


	<======  ###############  ==>
	<====  A V E R A G E S  ====>
	<==  ###############  ======>

	Statistics over 278852 steps using 2789 frames

   Energies (kJ/mol)
           Bond          Angle    Proper Dih.  Improper Dih.          LJ-14
    1.91547e+02    5.27502e+02    7.09062e+02    2.62741e+01    2.29490e+02
     Coulomb-14        LJ (SR)  Disper. corr.   Coulomb (SR)   Coul. recip.
    4.50502e+03    1.20019e+05   -6.50761e+03   -9.01141e+05    4.89027e+03
      Potential    Kinetic En.   Total Energy    Temperature Pres. DC (bar)
   -7.76551e+05    1.40239e+05   -6.36312e+05    3.00162e+02   -1.91233e+02
 Pressure (bar)   Constr. rmsd
    6.48449e+01    0.00000e+00

   Total Virial (kJ/mol)
    4.56356e+04   -2.69821e+01    7.75463e+01
   -2.65813e+01    4.56698e+04   -1.90924e+01
    7.81423e+01   -1.89713e+01    4.56195e+04

   Pressure (bar)
    6.53530e+01    1.80166e+00   -4.43204e+00
    1.77813e+00    6.32312e+01    7.68513e-01
   -4.46702e+00    7.61405e-01    6.59507e+01

      T-Protein  T-non-Protein
    3.00700e+02    3.00159e+02


	M E G A - F L O P S   A C C O U N T I N G

 NB=Group-cutoff nonbonded kernels    NxN=N-by-N cluster Verlet kernels
 RF=Reaction-Field  VdW=Van der Waals  QSTab=quadratic-spline table
 W3=SPC/TIP3p  W4=TIP4p (single or pairs)
 V&F=Potential and force  V=Potential only  F=Force only

 Computing:                               M-Number         M-Flops  % Flops
-----------------------------------------------------------------------------
 Pair Search distance check            3430.210160       30871.891     0.2
 NxN Ewald Elec. + LJ [F]            111932.374608     7387536.724    49.8
 NxN Ewald Elec. + LJ [V&F]            1147.214992      122752.004     0.8
 NxN Ewald Elec. [F]                 107963.437232     6585769.671    44.4
 NxN Ewald Elec. [V&F]                 1106.604048       92954.740     0.6
 1,4 nonbonded interactions               4.930725         443.765     0.0
 Calc Weights                          1144.445076       41200.023     0.3
 Spread Q Bspline                     24414.828288       48829.657     0.3
 Gather F Bspline                     24414.828288      146488.970     1.0
 3D-FFT                               32707.124364      261656.995     1.8
 Solve PME                               18.389904        1176.954     0.0
 Shift-X                                  7.684604          46.108     0.0
 Bonds                                    0.904533          53.367     0.0
 Angles                                   3.461709         581.567     0.0
 Propers                                  5.937273        1359.636     0.0
 Impropers                                0.319647          66.487     0.0
 Virial                                   3.873453          69.722     0.0
 Update                                 381.481692       11825.932     0.1
 Stop-CM                                  3.814256          38.143     0.0
 Calc-Ekin                               15.313116         413.454     0.0
 Lincs                                    1.972290         118.337     0.0
 Lincs-Mat                               11.588904          46.356     0.0
 Constraint-V                           762.160866        6097.287     0.0
 Constraint-Vir                           3.856272          92.551     0.0
 Settle                                 252.738762       81634.620     0.6
-----------------------------------------------------------------------------
 Total                                                14822124.960   100.0
-----------------------------------------------------------------------------


     R E A L   C Y C L E   A N D   T I M E   A C C O U N T I N G

On 1 MPI rank, each using 8 OpenMP threads

 Computing:          Num   Num      Call    Wall time         Giga-Cycles
                     Ranks Threads  Count      (s)         total sum    %
-----------------------------------------------------------------------------
 Neighbor search        1    8        137       5.407        104.641   2.4
 Force                  1    8       6801     137.246       2656.173  60.5
 PME mesh               1    8       6801      48.251        933.816  21.3
 NB X/F buffer ops.     1    8      13465      11.194        216.648   4.9
 Write traj.            1    8          1       0.340          6.584   0.1
 Update                 1    8      13602      13.290        257.207   5.9
 Constraints            1    8      13602      10.658        206.265   4.7
 Rest                                           0.649         12.552   0.3
-----------------------------------------------------------------------------
 Total                                        227.035       4393.885 100.0
-----------------------------------------------------------------------------
 Breakdown of PME mesh computation
-----------------------------------------------------------------------------
 PME spread             1    8       6801      19.757        382.363   8.7
 PME gather             1    8       6801      16.015        309.948   7.1
 PME 3D-FFT             1    8      13602      10.825        209.509   4.8
 PME solve Elec         1    8       6801       0.505          9.765   0.2
-----------------------------------------------------------------------------

               Core t (s)   Wall t (s)        (%)
       Time:     1816.280      227.035      800.0
                 (ns/day)    (hour/ns)
Performance:        5.176        4.636
Finished mdrun on rank 0 Fri Apr  3 21:18:10 2026

